<?xml version="1.0" encoding="UTF-8"?>
<!-- Generated by org.testng.reporters.JUnitXMLReporter -->
<testsuite ignored="0" hostname="DESKTOP-2BBJT9H" failures="0" tests="6" name="chrome" time="19.02" errors="0" timestamp="2023-03-13T12:46:37 IST">
  <testcase classname="TestNG.TestNG1" name="@BeforeClass beforeclass" time="18.684">
    <failure type="org.openqa.selenium.remote.http.ConnectionFailedException" message="Unable to establish websocket connection to http://localhost:50847/devtools/browser/22d74f7d-8515-4366-89fa-019ae770602c
Build info: version: &amp;apos;4.7.2&amp;apos;, revision: &amp;apos;4d4020c3b7&amp;apos;
System info: os.name: &amp;apos;Windows 10&amp;apos;, os.arch: &amp;apos;amd64&amp;apos;, os.version: &amp;apos;10.0&amp;apos;, java.version: &amp;apos;19.0.1&amp;apos;
Driver info: driver.version: ChromeDriver">
      <![CDATA[org.openqa.selenium.remote.http.ConnectionFailedException: Unable to establish websocket connection to http://localhost:50847/devtools/browser/22d74f7d-8515-4366-89fa-019ae770602c
Build info: version: '4.7.2', revision: '4d4020c3b7'
System info: os.name: 'Windows 10', os.arch: 'amd64', os.version: '10.0', java.version: '19.0.1'
Driver info: driver.version: ChromeDriver
at org.openqa.selenium.remote.http.netty.NettyWebSocket.<init>(NettyWebSocket.java:102)
at org.openqa.selenium.remote.http.netty.NettyWebSocket.lambda$create$3(NettyWebSocket.java:128)
at org.openqa.selenium.remote.http.netty.NettyClient.openSocket(NettyClient.java:107)
at org.openqa.selenium.devtools.Connection.<init>(Connection.java:78)
at org.openqa.selenium.chromium.ChromiumDriver.lambda$new$2(ChromiumDriver.java:116)
at java.base/java.util.Optional.map(Optional.java:260)
at org.openqa.selenium.chromium.ChromiumDriver.<init>(ChromiumDriver.java:114)
at org.openqa.selenium.chrome.ChromeDriver.<init>(ChromeDriver.java:82)
at org.openqa.selenium.chrome.ChromeDriver.<init>(ChromeDriver.java:50)
at testUtility.StaticBrowser.openBrowser(StaticBrowser.java:20)
at TestNG.TestNG1.beforeclass(TestNG1.java:31)
at java.base/java.util.ArrayList.forEach(ArrayList.java:1511)
at java.base/java.util.concurrent.FutureTask.run(FutureTask.java:317)
at java.base/java.util.concurrent.ThreadPoolExecutor.runWorker(ThreadPoolExecutor.java:1144)
at java.base/java.util.concurrent.ThreadPoolExecutor$Worker.run(ThreadPoolExecutor.java:642)
at java.base/java.lang.Thread.run(Thread.java:1589)
... Removed 14 stack frames]]>
    </failure>
  </testcase> <!-- @BeforeClass beforeclass -->
  <testcase classname="TestNG.TestNG1" name="@BeforeMethod beforemethod" time="-1.678691797156E9">
    <skipped/>
  </testcase> <!-- @BeforeMethod beforemethod -->
  <testcase classname="TestNG.TestNG1" name="@AfterMethod afteremethod" time="-1.678691797171E9">
    <skipped/>
  </testcase> <!-- @AfterMethod afteremethod -->
  <testcase classname="TestNG.TestNG1" name="@BeforeMethod beforemethod" time="-1.678691797243E9">
    <skipped/>
  </testcase> <!-- @BeforeMethod beforemethod -->
  <testcase classname="TestNG.TestNG1" name="@AfterMethod afteremethod" time="-1.678691797275E9">
    <skipped/>
  </testcase> <!-- @AfterMethod afteremethod -->
  <testcase classname="TestNG.TestNG1" name="@BeforeMethod beforemethod" time="-1.678691797281E9">
    <skipped/>
  </testcase> <!-- @BeforeMethod beforemethod -->
  <testcase classname="TestNG.TestNG1" name="@AfterMethod afteremethod" time="-1.678691797306E9">
    <skipped/>
  </testcase> <!-- @AfterMethod afteremethod -->
  <testcase classname="TestNG.TestNG1" name="@AfterClass afterclass" time="-1.678691797308E9">
    <skipped/>
  </testcase> <!-- @AfterClass afterclass -->
  <testcase classname="TestNG.TestNG1" name="Test1" time="0.0">
    <skipped/>
  </testcase> <!-- Test1 -->
  <testcase classname="TestNG.TestNG1" name="Test2" time="0.0">
    <skipped/>
  </testcase> <!-- Test2 -->
  <testcase classname="TestNG.TestNG1" name="Test3" time="0.0">
    <skipped/>
  </testcase> <!-- Test3 -->
  <testcase classname="TestNG.TestNG2" name="Test1" time="0.003"/>
  <testcase classname="TestNG.TestNG2" name="Test2" time="0.003"/>
  <testcase classname="TestNG.TestNG2" name="Test3" time="0.003"/>
</testsuite> <!-- chrome -->
